<?xml version="1.0" encoding="UTF-8" standalone="yes"?>
<ns2:test-suite xmlns:ns2="urn:model.allure.qatools.yandex.ru" start="1573499735267" stop="1573499757533">
    <name>Suite1</name>
    <test-cases>
        <test-case start="1573499740083" stop="1573499740693" status="passed">
            <name>ContactAddToGroup</name>
            <steps/>
            <attachments/>
            <labels/>
        </test-case>
        <test-case start="1573499740797" stop="1573499741462" status="passed">
            <name>ContactRemoveFromGroup</name>
            <steps/>
            <attachments/>
            <labels/>
        </test-case>
        <test-case start="1573499741607" stop="1573499744638" status="passed">
            <name>testBadContactCreation</name>
            <steps/>
            <attachments/>
            <labels/>
        </test-case>
        <test-case start="1573499744821" stop="1573499747814" status="passed">
            <name>testContactCreation[ContactData{id=2147483647, firstname='РђР»РµРєСЃР°РЅРґСЂ 0', lastname='РќРµРІСЃРєРёР№ 0'}]</name>
            <steps/>
            <attachments/>
            <labels/>
        </test-case>
        <test-case start="1573499747934" stop="1573499750840" status="passed">
            <name>testContactCreation[ContactData{id=2147483647, firstname='РђР»РµРєСЃР°РЅРґСЂ 1', lastname='РќРµРІСЃРєРёР№ 1'}]</name>
            <steps/>
            <attachments/>
            <labels/>
        </test-case>
        <test-case start="1573499750959" stop="1573499753881" status="passed">
            <name>testContactCreation[ContactData{id=2147483647, firstname='РђР»РµРєСЃР°РЅРґСЂ 2', lastname='РќРµРІСЃРєРёР№ 2'}]</name>
            <steps/>
            <attachments/>
            <labels/>
        </test-case>
        <test-case start="1573499753898" stop="1573499756512" status="passed">
            <name>testContactModification</name>
            <steps/>
            <attachments/>
            <labels/>
        </test-case>
        <test-case start="1573499756527" stop="1573499757057" status="passed">
            <name>testContactDeletion</name>
            <steps/>
            <attachments/>
            <labels/>
        </test-case>
        <test-case start="1573499757240" stop="1573499757531" status="failed">
            <name>testContactData</name>
            <failure>
                <message>AssertionError: 
Expected: "Рі. РњРѕСЃРєРІР°, СѓР»РёС†Р° Р СЏР±РёРЅРѕРІР°СЏ, РґРѕРј 7, РєРѕСЂРїСѓСЃ 2."
     but: was "Рі. РњРѕСЃРєРІР°, СѓР»РёС†Р° Р СЏР±РёРЅРѕРІР°СЏ, РґРѕРј 7, РєРѕСЂРїСѓСЃ 2."</message>
                <stack-trace>java.lang.AssertionError: 
Expected: "Рі. РњРѕСЃРєРІР°, СѓР»РёС†Р° Р СЏР±РёРЅРѕРІР°СЏ, РґРѕРј 7, РєРѕСЂРїСѓСЃ 2."
     but: was "Рі. РњРѕСЃРєРІР°, СѓР»РёС†Р° Р СЏР±РёРЅРѕРІР°СЏ, РґРѕРј 7, РєРѕСЂРїСѓСЃ 2."
	at org.hamcrest.MatcherAssert.assertThat(MatcherAssert.java:18)
	at org.hamcrest.MatcherAssert.assertThat(MatcherAssert.java:6)
	at ru.stqa.pft.addressbook.tests.ContactDataTests.testContactData(ContactDataTests.java:42)
	at sun.reflect.NativeMethodAccessorImpl.invoke0(Native Method)
	at sun.reflect.NativeMethodAccessorImpl.invoke(NativeMethodAccessorImpl.java:62)
	at sun.reflect.DelegatingMethodAccessorImpl.invoke(DelegatingMethodAccessorImpl.java:43)
	at java.lang.reflect.Method.invoke(Method.java:498)
	at org.testng.internal.MethodInvocationHelper.invokeMethod(MethodInvocationHelper.java:133)
	at org.testng.internal.TestInvoker.invokeMethod(TestInvoker.java:584)
	at org.testng.internal.TestInvoker.invokeTestMethod(TestInvoker.java:172)
	at org.testng.internal.MethodRunner.runInSequence(MethodRunner.java:46)
	at org.testng.internal.TestInvoker$MethodInvocationAgent.invoke(TestInvoker.java:804)
	at org.testng.internal.TestInvoker.invokeTestMethods(TestInvoker.java:145)
	at org.testng.internal.TestMethodWorker.invokeTestMethods(TestMethodWorker.java:146)
	at org.testng.internal.TestMethodWorker.run(TestMethodWorker.java:128)
	at java.util.ArrayList.forEach(ArrayList.java:1257)
	at org.testng.TestRunner.privateRun(TestRunner.java:770)
	at org.testng.TestRunner.run(TestRunner.java:591)
	at org.testng.SuiteRunner.runTest(SuiteRunner.java:402)
	at org.testng.SuiteRunner.runSequentially(SuiteRunner.java:396)
	at org.testng.SuiteRunner.privateRun(SuiteRunner.java:355)
	at org.testng.SuiteRunner.run(SuiteRunner.java:304)
	at org.testng.SuiteRunnerWorker.runSuite(SuiteRunnerWorker.java:53)
	at org.testng.SuiteRunnerWorker.run(SuiteRunnerWorker.java:96)
	at org.testng.TestNG.runSuitesSequentially(TestNG.java:1180)
	at org.testng.TestNG.runSuitesLocally(TestNG.java:1102)
	at org.testng.TestNG.runSuites(TestNG.java:1032)
	at org.testng.TestNG.run(TestNG.java:1000)
	at org.gradle.api.internal.tasks.testing.testng.TestNGTestClassProcessor.runTests(TestNGTestClassProcessor.java:141)
	at org.gradle.api.internal.tasks.testing.testng.TestNGTestClassProcessor.stop(TestNGTestClassProcessor.java:90)
	at org.gradle.api.internal.tasks.testing.SuiteTestClassProcessor.stop(SuiteTestClassProcessor.java:61)
	at sun.reflect.NativeMethodAccessorImpl.invoke0(Native Method)
	at sun.reflect.NativeMethodAccessorImpl.invoke(NativeMethodAccessorImpl.java:62)
	at sun.reflect.DelegatingMethodAccessorImpl.invoke(DelegatingMethodAccessorImpl.java:43)
	at java.lang.reflect.Method.invoke(Method.java:498)
	at org.gradle.internal.dispatch.ReflectionDispatch.dispatch(ReflectionDispatch.java:36)
	at org.gradle.internal.dispatch.ReflectionDispatch.dispatch(ReflectionDispatch.java:24)
	at org.gradle.internal.dispatch.ContextClassLoaderDispatch.dispatch(ContextClassLoaderDispatch.java:33)
	at org.gradle.internal.dispatch.ProxyDispatchAdapter$DispatchingInvocationHandler.invoke(ProxyDispatchAdapter.java:94)
	at com.sun.proxy.$Proxy2.stop(Unknown Source)
	at org.gradle.api.internal.tasks.testing.worker.TestWorker.stop(TestWorker.java:132)
	at sun.reflect.NativeMethodAccessorImpl.invoke0(Native Method)
	at sun.reflect.NativeMethodAccessorImpl.invoke(NativeMethodAccessorImpl.java:62)
	at sun.reflect.DelegatingMethodAccessorImpl.invoke(DelegatingMethodAccessorImpl.java:43)
	at java.lang.reflect.Method.invoke(Method.java:498)
	at org.gradle.internal.dispatch.ReflectionDispatch.dispatch(ReflectionDispatch.java:36)
	at org.gradle.internal.dispatch.ReflectionDispatch.dispatch(ReflectionDispatch.java:24)
	at org.gradle.internal.remote.internal.hub.MessageHubBackedObjectConnection$DispatchWrapper.dispatch(MessageHubBackedObjectConnection.java:182)
	at org.gradle.internal.remote.internal.hub.MessageHubBackedObjectConnection$DispatchWrapper.dispatch(MessageHubBackedObjectConnection.java:164)
	at org.gradle.internal.remote.internal.hub.MessageHub$Handler.run(MessageHub.java:412)
	at org.gradle.internal.concurrent.ExecutorPolicy$CatchAndRecordFailures.onExecute(ExecutorPolicy.java:64)
	at org.gradle.internal.concurrent.ManagedExecutorImpl$1.run(ManagedExecutorImpl.java:48)
	at java.util.concurrent.ThreadPoolExecutor.runWorker(ThreadPoolExecutor.java:1149)
	at java.util.concurrent.ThreadPoolExecutor$Worker.run(ThreadPoolExecutor.java:624)
	at org.gradle.internal.concurrent.ThreadFactoryImpl$ManagedThreadRunnable.run(ThreadFactoryImpl.java:56)
	at java.lang.Thread.run(Thread.java:748)
</stack-trace>
            </failure>
            <steps/>
            <attachments/>
            <labels/>
        </test-case>
    </test-cases>
    <labels/>
</ns2:test-suite>
